<?xml version="1.0" encoding="utf-8"?><testsuites name="pytest tests"><testsuite name="pytest" errors="0" failures="0" skipped="0" tests="15" time="7.372" timestamp="2026-04-20T15:35:22.940664+00:00" hostname="agent-env-0346203b-2226-411f-99c2-f18f6a803775"><testcase classname="backend.tests.test_iter2_new_endpoints.TestUpload" name="test_upload_requires_auth" time="0.298" /><testcase classname="backend.tests.test_iter2_new_endpoints.TestUpload" name="test_upload_with_auth_uploads_to_cloudinary" time="1.181" /><testcase classname="backend.tests.test_iter2_new_endpoints.TestCertificates" name="test_issue_requires_admin" time="0.298" /><testcase classname="backend.tests.test_iter2_new_endpoints.TestCertificates" name="test_issue_404_for_invalid_enrollment" time="0.266" /><testcase classname="backend.tests.test_iter2_new_endpoints.TestCertificates" name="test_issue_creates_then_idempotent" time="0.576" /><testcase classname="backend.tests.test_iter2_new_endpoints.TestCertificates" name="test_get_certificate_public" time="0.119" /><testcase classname="backend.tests.test_iter2_new_endpoints.TestCertificates" name="test_get_certificate_404" time="0.139" /><testcase classname="backend.tests.test_iter2_new_endpoints.TestModuleReorder" name="test_reorder_requires_admin" time="0.107" /><testcase classname="backend.tests.test_iter2_new_endpoints.TestModuleReorder" name="test_up_first_is_noop" time="0.165" /><testcase classname="backend.tests.test_iter2_new_endpoints.TestModuleReorder" name="test_down_first_swaps_with_second" time="0.412" /><testcase classname="backend.tests.test_iter2_new_endpoints.TestModuleReorder" name="test_up_last_swaps_with_penultimate" time="0.263" /><testcase classname="backend.tests.test_iter2_new_endpoints.TestModuleReorder" name="test_down_last_is_noop" time="0.130" /><testcase classname="backend.tests.test_iter2_new_endpoints.TestCheckoutRegression" name="test_create_and_status_no_500" time="2.408" /><testcase classname="backend.tests.test_iter2_new_endpoints.TestFounderSeats" name="test_founder_seats_taken_is_3" time="0.127" /><testcase classname="backend.tests.test_iter2_new_endpoints.TestUploadAuthScope" name="test_student_can_upload" time="0.833" /></testsuite></testsuites>