<?xml version="1.0" encoding="utf-8"?><testsuites name="pytest tests"><testsuite name="pytest" errors="0" failures="0" skipped="0" tests="23" time="5.015" timestamp="2026-04-20T15:35:35.699785+00:00" hostname="agent-env-0346203b-2226-411f-99c2-f18f6a803775"><testcase classname="backend.tests.backend_test.TestPublicCourse" name="test_root" time="0.136" /><testcase classname="backend.tests.backend_test.TestPublicCourse" name="test_get_course_ia_ele" time="0.143" /><testcase classname="backend.tests.backend_test.TestPublicCourse" name="test_get_course_not_found" time="0.107" /><testcase classname="backend.tests.backend_test.TestAuth" name="test_request_magic_link_ok" time="0.330" /><testcase classname="backend.tests.backend_test.TestAuth" name="test_request_magic_link_invalid_email" time="0.120" /><testcase classname="backend.tests.backend_test.TestAuth" name="test_verify_magic_link_creates_user" time="0.117" /><testcase classname="backend.tests.backend_test.TestAuth" name="test_verify_invalid_token" time="0.115" /><testcase classname="backend.tests.backend_test.TestAuth" name="test_me_with_jwt" time="0.223" /><testcase classname="backend.tests.backend_test.TestAuth" name="test_me_without_jwt" time="0.106" /><testcase classname="backend.tests.backend_test.TestAdminSeed" name="test_admin_user_seeded_as_admin" time="0.237" /><testcase classname="backend.tests.backend_test.TestDashboard" name="test_dashboard_unauth" time="0.120" /><testcase classname="backend.tests.backend_test.TestDashboard" name="test_dashboard_auth" time="0.107" /><testcase classname="backend.tests.backend_test.TestCheckout" name="test_checkout_create" time="0.421" /><testcase classname="backend.tests.backend_test.TestCheckout" name="test_checkout_status" time="0.267" /><testcase classname="backend.tests.backend_test.TestAdminEndpoints" name="test_overview" time="0.115" /><testcase classname="backend.tests.backend_test.TestAdminEndpoints" name="test_admin_only_protection" time="0.121" /><testcase classname="backend.tests.backend_test.TestAdminEndpoints" name="test_update_course_founder_flag" time="0.167" /><testcase classname="backend.tests.backend_test.TestAdminEndpoints" name="test_update_module_unlock" time="0.169" /><testcase classname="backend.tests.backend_test.TestCourseAccess" name="test_no_enrollment_forbidden" time="0.160" /><testcase classname="backend.tests.backend_test.TestCourseAccess" name="test_enrolled_student_can_access" time="0.296" /><testcase classname="backend.tests.backend_test.TestSubmissionsAndFeedback" name="test_submit_then_list" time="0.412" /><testcase classname="backend.tests.backend_test.TestSubmissionsAndFeedback" name="test_admin_feedback_marks_reviewed" time="0.348" /><testcase classname="backend.tests.backend_test.TestForum" name="test_create_post_and_nested_reply" time="0.627" /></testsuite></testsuites>