<?xml version="1.0" encoding="utf-8"?><testsuites name="pytest tests"><testsuite name="pytest" errors="0" failures="0" skipped="0" tests="12" time="6.641" timestamp="2026-04-22T14:41:42.974816+00:00" hostname="agent-env-0346203b-2226-411f-99c2-f18f6a803775"><testcase classname="backend.tests.test_iter5_profile_and_task_gate.TestProfileUpdate" name="test_update_profile_happy" time="0.893" /><testcase classname="backend.tests.test_iter5_profile_and_task_gate.TestProfileUpdate" name="test_update_profile_validates_empty" time="0.407" /><testcase classname="backend.tests.test_iter5_profile_and_task_gate.TestProfileUpdate" name="test_update_profile_validates_missing" time="0.381" /><testcase classname="backend.tests.test_iter5_profile_and_task_gate.TestProfileUpdate" name="test_update_profile_requires_auth" time="0.137" /><testcase classname="backend.tests.test_iter5_profile_and_task_gate.TestProfileUpdate" name="test_whitespace_only_rejected" time="0.407" /><testcase classname="backend.tests.test_iter5_profile_and_task_gate.TestTaskResourceGate" name="test_task_detail_gates_student_without_reads" time="0.391" /><testcase classname="backend.tests.test_iter5_profile_and_task_gate.TestTaskResourceGate" name="test_submit_blocked_400_when_pending" time="0.439" /><testcase classname="backend.tests.test_iter5_profile_and_task_gate.TestTaskResourceGate" name="test_submit_unblocks_after_reading_all" time="1.417" /><testcase classname="backend.tests.test_iter5_profile_and_task_gate.TestTaskResourceGate" name="test_admin_bypasses_gate" time="0.671" /><testcase classname="backend.tests.test_iter5_profile_and_task_gate.TestResourcesRegression" name="test_list_resources_has_view_counts" time="0.423" /><testcase classname="backend.tests.test_iter5_profile_and_task_gate.TestResourcesRegression" name="test_student_auto_view_marks" time="0.726" /><testcase classname="backend.tests.test_iter5_profile_and_task_gate.TestResourcesRegression" name="test_admin_get_resource_does_not_auto_mark" time="0.253" /></testsuite></testsuites>