<?xml version="1.0" encoding="utf-8"?><testsuites name="pytest tests"><testsuite name="pytest" errors="0" failures="0" skipped="0" tests="11" time="3.926" timestamp="2026-04-20T15:58:31.213185+00:00" hostname="agent-env-0346203b-2226-411f-99c2-f18f6a803775"><testcase classname="backend.tests.test_iter3_new_endpoints.TestQuizSubmit" name="test_quiz_submit_no_auth_persists" time="0.476" /><testcase classname="backend.tests.test_iter3_new_endpoints.TestQuizSubmit" name="test_quiz_submit_minimal_payload" time="0.157" /><testcase classname="backend.tests.test_iter3_new_endpoints.TestLessonViewAndDashboardProgress" name="test_view_requires_auth" time="0.133" /><testcase classname="backend.tests.test_iter3_new_endpoints.TestLessonViewAndDashboardProgress" name="test_view_requires_enrollment" time="0.446" /><testcase classname="backend.tests.test_iter3_new_endpoints.TestLessonViewAndDashboardProgress" name="test_view_marks_progress_and_is_idempotent" time="1.063" /><testcase classname="backend.tests.test_iter3_new_endpoints.TestAdminExportCSV" name="test_export_requires_admin" time="0.105" /><testcase classname="backend.tests.test_iter3_new_endpoints.TestAdminExportCSV" name="test_export_unauth_returns_401_or_403" time="0.265" /><testcase classname="backend.tests.test_iter3_new_endpoints.TestAdminExportCSV" name="test_export_admin_returns_csv" time="0.119" /><testcase classname="backend.tests.test_iter3_new_endpoints.TestRegression" name="test_contact_still_works" time="0.335" /><testcase classname="backend.tests.test_iter3_new_endpoints.TestRegression" name="test_checkout_create_returns_stripe_url" time="0.609" /><testcase classname="backend.tests.test_iter3_new_endpoints.TestRegression" name="test_courses_ia_ele_founder_seats_taken_3" time="0.136" /></testsuite></testsuites>