<?xml version="1.0" encoding="utf-8"?><testsuites name="pytest tests"><testsuite name="pytest" errors="0" failures="0" skipped="0" tests="19" time="14.113" timestamp="2026-04-22T15:37:06.183497+00:00" hostname="agent-env-0346203b-2226-411f-99c2-f18f6a803775"><testcase classname="backend.tests.test_iter7_nudge_and_seo.TestInactivityAdminEndpoint" name="test_requires_admin" time="0.291" /><testcase classname="backend.tests.test_iter7_nudge_and_seo.TestInactivityAdminEndpoint" name="test_requires_auth" time="0.122" /><testcase classname="backend.tests.test_iter7_nudge_and_seo.TestInactivityAdminEndpoint" name="test_admin_ok_basic_shape" time="0.253" /><testcase classname="backend.tests.test_iter7_nudge_and_seo.TestNudgeLogic" name="test_positive_send_then_idempotent" time="0.519" /><testcase classname="backend.tests.test_iter7_nudge_and_seo.TestNudgeLogic" name="test_grace_window_fresh_enrollment" time="0.147" /><testcase classname="backend.tests.test_iter7_nudge_and_seo.TestNudgeLogic" name="test_recent_progress_skips" time="0.150" /><testcase classname="backend.tests.test_iter7_nudge_and_seo.TestNudgeLogic" name="test_recent_nudge_counts_as_skipped" time="0.138" /><testcase classname="backend.tests.test_iter7_nudge_and_seo.TestSEOStaticFiles" name="test_robots_txt_file_exists" time="0.001" /><testcase classname="backend.tests.test_iter7_nudge_and_seo.TestSEOStaticFiles" name="test_sitemap_xml_file_exists" time="0.000" /><testcase classname="backend.tests.test_iter7_nudge_and_seo.TestSEOStaticFiles" name="test_og_image_bytes" time="0.000" /><testcase classname="backend.tests.test_iter7_nudge_and_seo.TestSEOStaticFiles" name="test_og_image_served" time="0.144" /><testcase classname="backend.tests.test_iter7_nudge_and_seo.TestSEOStaticFiles" name="test_sitemap_xml_served" time="0.120" /><testcase classname="backend.tests.test_iter7_nudge_and_seo.TestRegression" name="test_ebook_index" time="0.127" /><testcase classname="backend.tests.test_iter7_nudge_and_seo.TestRegression" name="test_ebook_chapter" time="0.151" /><testcase classname="backend.tests.test_iter7_nudge_and_seo.TestRegression" name="test_ebook_pdf" time="11.186" /><testcase classname="backend.tests.test_iter7_nudge_and_seo.TestRegression" name="test_course_content" time="0.143" /><testcase classname="backend.tests.test_iter7_nudge_and_seo.TestRegression" name="test_auth_me" time="0.145" /><testcase classname="backend.tests.test_iter7_nudge_and_seo.TestRegression" name="test_auth_profile_update" time="0.113" /><testcase classname="backend.tests.test_iter7_nudge_and_seo.TestRegression" name="test_course_task" time="0.264" /></testsuite></testsuites>