<?xml version="1.0" encoding="utf-8"?><testsuites name="pytest tests"><testsuite name="pytest" errors="0" failures="0" skipped="0" tests="19" time="38.480" timestamp="2026-04-22T15:07:49.644151+00:00" hostname="agent-env-0346203b-2226-411f-99c2-f18f6a803775"><testcase classname="backend.tests.test_iter6_ebook_and_video.TestEbookToc" name="test_toc_shape_and_parts" time="0.480" /><testcase classname="backend.tests.test_iter6_ebook_and_video.TestEbookToc" name="test_toc_401_without_auth" time="0.138" /><testcase classname="backend.tests.test_iter6_ebook_and_video.TestEbookToc" name="test_toc_403_unenrolled_student" time="0.405" /><testcase classname="backend.tests.test_iter6_ebook_and_video.TestEbookToc" name="test_toc_200_admin" time="0.262" /><testcase classname="backend.tests.test_iter6_ebook_and_video.TestEbookChapter" name="test_chapter_by_slug" time="0.517" /><testcase classname="backend.tests.test_iter6_ebook_and_video.TestEbookChapter" name="test_chapter_known_slugs" time="0.395" /><testcase classname="backend.tests.test_iter6_ebook_and_video.TestEbookChapter" name="test_chapter_404_unknown" time="0.411" /><testcase classname="backend.tests.test_iter6_ebook_and_video.TestEbookChapter" name="test_chapter_403_unenrolled" time="0.455" /><testcase classname="backend.tests.test_iter6_ebook_and_video.TestEbookPdf" name="test_pdf_download_headers_and_content" time="11.799" /><testcase classname="backend.tests.test_iter6_ebook_and_video.TestEbookPdf" name="test_pdf_401_without_auth" time="0.155" /><testcase classname="backend.tests.test_iter6_ebook_and_video.TestEbookPdf" name="test_pdf_403_unenrolled" time="0.359" /><testcase classname="backend.tests.test_iter6_ebook_and_video.TestAdminModuleVideo" name="test_set_then_clear_video_id" time="0.648" /><testcase classname="backend.tests.test_iter6_ebook_and_video.TestAdminModuleVideo" name="test_non_admin_403" time="0.509" /><testcase classname="backend.tests.test_iter6_ebook_and_video.TestCourseContentVideoField" name="test_field_present_on_modules" time="0.372" /><testcase classname="backend.tests.test_iter6_ebook_and_video.TestCourseContentVideoField" name="test_module_1_exposes_video_after_patch" time="20.249" /><testcase classname="backend.tests.test_iter6_ebook_and_video.TestRegression" name="test_profile_update_still_works" time="0.395" /><testcase classname="backend.tests.test_iter6_ebook_and_video.TestRegression" name="test_dashboard_ok" time="0.557" /><testcase classname="backend.tests.test_iter6_ebook_and_video.TestRegression" name="test_teach_preview_resource_still_works" time="0.106" /><testcase classname="backend.tests.test_iter6_ebook_and_video.TestRegression" name="test_course_task_teach_preview_gate" time="0.134" /></testsuite></testsuites>