<?xml version="1.0" encoding="utf-8"?><testsuites name="pytest tests"><testsuite name="pytest" errors="0" failures="0" skipped="0" tests="16" time="3.078" timestamp="2026-04-28T14:20:10.941813+00:00" hostname="agent-env-0346203b-2226-411f-99c2-f18f6a803775"><testcase classname="backend.tests.test_iter10_admin_users_broadcast.TestListUsers" name="test_admin_lists_all_users" time="0.181" /><testcase classname="backend.tests.test_iter10_admin_users_broadcast.TestListUsers" name="test_non_admin_forbidden" time="0.175" /><testcase classname="backend.tests.test_iter10_admin_users_broadcast.TestDeleteUser" name="test_delete_cascade_restores_founder" time="0.141" /><testcase classname="backend.tests.test_iter10_admin_users_broadcast.TestDeleteUser" name="test_delete_admin_returns_400" time="0.126" /><testcase classname="backend.tests.test_iter10_admin_users_broadcast.TestDeleteUser" name="test_delete_self_returns_400" time="0.155" /><testcase classname="backend.tests.test_iter10_admin_users_broadcast.TestDeleteUser" name="test_delete_nonexistent_returns_404" time="0.132" /><testcase classname="backend.tests.test_iter10_admin_users_broadcast.TestBroadcastValidation" name="test_empty_subject_400" time="0.136" /><testcase classname="backend.tests.test_iter10_admin_users_broadcast.TestBroadcastValidation" name="test_empty_body_400" time="0.156" /><testcase classname="backend.tests.test_iter10_admin_users_broadcast.TestBroadcastValidation" name="test_subject_too_long_400" time="0.137" /><testcase classname="backend.tests.test_iter10_admin_users_broadcast.TestBroadcastValidation" name="test_selected_requires_user_ids" time="0.138" /><testcase classname="backend.tests.test_iter10_admin_users_broadcast.TestBroadcastCounters" name="test_skip_admin_and_optout_no_real_send" time="0.155" /><testcase classname="backend.tests.test_iter10_admin_users_broadcast.TestBroadcastCounters" name="test_send_to_one_real_user" time="0.586" /><testcase classname="backend.tests.test_iter10_admin_users_broadcast.TestUnsubscribe" name="test_invalid_token_400" time="0.103" /><testcase classname="backend.tests.test_iter10_admin_users_broadcast.TestUnsubscribe" name="test_valid_token_unsubscribes_and_skips_next_broadcast" time="0.262" /><testcase classname="backend.tests.test_iter10_admin_users_broadcast.TestRegression" name="test_admin_overview_still_works" time="0.144" /><testcase classname="backend.tests.test_iter10_admin_users_broadcast.TestRegression" name="test_admin_module_patch_still_works" time="0.257" /></testsuite></testsuites>