<?xml version="1.0" encoding="utf-8"?><testsuites name="pytest tests"><testsuite name="pytest" errors="0" failures="0" skipped="0" tests="12" time="9.490" timestamp="2026-04-22T16:32:18.495320+00:00" hostname="agent-env-0346203b-2226-411f-99c2-f18f6a803775"><testcase classname="tests.test_iter8_pdf_and_welcome_email.TestEbookPdf" name="test_pdf_download_full_content" time="5.622" /><testcase classname="tests.test_iter8_pdf_and_welcome_email.TestEbookPdf" name="test_pdf_401_without_auth" time="0.135" /><testcase classname="tests.test_iter8_pdf_and_welcome_email.TestEbookPdf" name="test_pdf_403_unenrolled" time="0.363" /><testcase classname="tests.test_iter8_pdf_and_welcome_email.TestEbookRegression" name="test_ebook_toc" time="0.389" /><testcase classname="tests.test_iter8_pdf_and_welcome_email.TestEbookRegression" name="test_ebook_chapter" time="0.509" /><testcase classname="tests.test_iter8_pdf_and_welcome_email.TestEbookRegression" name="test_ebook_full" time="0.446" /><testcase classname="tests.test_iter8_pdf_and_welcome_email.TestWelcomeEmail" name="test_welcome_email_standard" time="0.399" /><testcase classname="tests.test_iter8_pdf_and_welcome_email.TestWelcomeEmail" name="test_welcome_email_founder" time="0.007" /><testcase classname="tests.test_iter8_pdf_and_welcome_email.TestRegressions" name="test_auth_me" time="0.363" /><testcase classname="tests.test_iter8_pdf_and_welcome_email.TestRegressions" name="test_auth_profile_update" time="0.481" /><testcase classname="tests.test_iter8_pdf_and_welcome_email.TestRegressions" name="test_course_content_video" time="0.382" /><testcase classname="tests.test_iter8_pdf_and_welcome_email.TestRegressions" name="test_admin_inactivity_run" time="0.265" /></testsuite></testsuites>