<?xml version="1.0" encoding="utf-8"?><testsuites name="pytest tests"><testsuite name="pytest" errors="0" failures="0" skipped="0" tests="12" time="2.362" timestamp="2026-04-24T11:27:04.249758+00:00" hostname="agent-env-0346203b-2226-411f-99c2-f18f6a803775"><testcase classname="tests.test_iter9_module_auto_unlock.TestUnlockAtPersistence" name="test_set_unlock_at_valid_date" time="0.268" /><testcase classname="tests.test_iter9_module_auto_unlock.TestUnlockAtPersistence" name="test_clear_unlock_at_with_empty_string" time="0.221" /><testcase classname="tests.test_iter9_module_auto_unlock.TestUnlockAtPersistence" name="test_set_unlock_at_iso_datetime" time="0.122" /><testcase classname="tests.test_iter9_module_auto_unlock.TestUnlockAtPersistence" name="test_invalid_date_format_returns_400" time="0.124" /><testcase classname="tests.test_iter9_module_auto_unlock.TestManualAutoUnlockTrigger" name="test_manual_trigger_returns_shape" time="0.116" /><testcase classname="tests.test_iter9_module_auto_unlock.TestManualAutoUnlockTrigger" name="test_past_unlock_at_gets_unlocked" time="0.276" /><testcase classname="tests.test_iter9_module_auto_unlock.TestManualAutoUnlockTrigger" name="test_future_unlock_at_stays_locked" time="0.265" /><testcase classname="tests.test_iter9_module_auto_unlock.TestManualAutoUnlockTrigger" name="test_already_unlocked_not_re_touched" time="0.118" /><testcase classname="tests.test_iter9_module_auto_unlock.TestAccessControl" name="test_non_admin_patch_module_forbidden" time="0.211" /><testcase classname="tests.test_iter9_module_auto_unlock.TestAccessControl" name="test_non_admin_auto_unlock_run_forbidden" time="0.101" /><testcase classname="tests.test_iter9_module_auto_unlock.TestRegression" name="test_manual_unlock_toggle_still_works" time="0.234" /><testcase classname="tests.test_iter9_module_auto_unlock.TestRegression" name="test_video_youtube_id_still_works" time="0.229" /></testsuite></testsuites>