<?xml version="1.0" encoding="utf-8"?><testsuites name="pytest tests"><testsuite name="pytest" errors="0" failures="0" skipped="0" tests="49" time="13.872" timestamp="2026-04-20T15:58:40.234169+00:00" hostname="agent-env-0346203b-2226-411f-99c2-f18f6a803775"><testcase classname="backend.tests.backend_test.TestPublicCourse" name="test_root" time="0.210" /><testcase classname="backend.tests.backend_test.TestPublicCourse" name="test_get_course_ia_ele" time="0.129" /><testcase classname="backend.tests.backend_test.TestPublicCourse" name="test_get_course_not_found" time="0.157" /><testcase classname="backend.tests.backend_test.TestAuth" name="test_request_magic_link_ok" time="0.351" /><testcase classname="backend.tests.backend_test.TestAuth" name="test_request_magic_link_invalid_email" time="0.155" /><testcase classname="backend.tests.backend_test.TestAuth" name="test_verify_magic_link_creates_user" time="0.147" /><testcase classname="backend.tests.backend_test.TestAuth" name="test_verify_invalid_token" time="0.109" /><testcase classname="backend.tests.backend_test.TestAuth" name="test_me_with_jwt" time="0.252" /><testcase classname="backend.tests.backend_test.TestAuth" name="test_me_without_jwt" time="0.121" /><testcase classname="backend.tests.backend_test.TestAdminSeed" name="test_admin_user_seeded_as_admin" time="0.245" /><testcase classname="backend.tests.backend_test.TestDashboard" name="test_dashboard_unauth" time="0.122" /><testcase classname="backend.tests.backend_test.TestDashboard" name="test_dashboard_auth" time="0.122" /><testcase classname="backend.tests.backend_test.TestCheckout" name="test_checkout_create" time="0.393" /><testcase classname="backend.tests.backend_test.TestCheckout" name="test_checkout_status" time="0.259" /><testcase classname="backend.tests.backend_test.TestAdminEndpoints" name="test_overview" time="0.132" /><testcase classname="backend.tests.backend_test.TestAdminEndpoints" name="test_admin_only_protection" time="0.106" /><testcase classname="backend.tests.backend_test.TestAdminEndpoints" name="test_update_course_founder_flag" time="0.201" /><testcase classname="backend.tests.backend_test.TestAdminEndpoints" name="test_update_module_unlock" time="0.195" /><testcase classname="backend.tests.backend_test.TestCourseAccess" name="test_no_enrollment_forbidden" time="0.227" /><testcase classname="backend.tests.backend_test.TestCourseAccess" name="test_enrolled_student_can_access" time="0.253" /><testcase classname="backend.tests.backend_test.TestSubmissionsAndFeedback" name="test_submit_then_list" time="0.403" /><testcase classname="backend.tests.backend_test.TestSubmissionsAndFeedback" name="test_admin_feedback_marks_reviewed" time="0.304" /><testcase classname="backend.tests.backend_test.TestForum" name="test_create_post_and_nested_reply" time="0.674" /><testcase classname="backend.tests.test_iter2_new_endpoints.TestUpload" name="test_upload_requires_auth" time="0.144" /><testcase classname="backend.tests.test_iter2_new_endpoints.TestUpload" name="test_upload_with_auth_uploads_to_cloudinary" time="0.777" /><testcase classname="backend.tests.test_iter2_new_endpoints.TestCertificates" name="test_issue_requires_admin" time="0.140" /><testcase classname="backend.tests.test_iter2_new_endpoints.TestCertificates" name="test_issue_404_for_invalid_enrollment" time="0.117" /><testcase classname="backend.tests.test_iter2_new_endpoints.TestCertificates" name="test_issue_creates_then_idempotent" time="0.448" /><testcase classname="backend.tests.test_iter2_new_endpoints.TestCertificates" name="test_get_certificate_public" time="0.122" /><testcase classname="backend.tests.test_iter2_new_endpoints.TestCertificates" name="test_get_certificate_404" time="0.131" /><testcase classname="backend.tests.test_iter2_new_endpoints.TestModuleReorder" name="test_reorder_requires_admin" time="0.112" /><testcase classname="backend.tests.test_iter2_new_endpoints.TestModuleReorder" name="test_up_first_is_noop" time="0.146" /><testcase classname="backend.tests.test_iter2_new_endpoints.TestModuleReorder" name="test_down_first_swaps_with_second" time="0.365" /><testcase classname="backend.tests.test_iter2_new_endpoints.TestModuleReorder" name="test_up_last_swaps_with_penultimate" time="0.254" /><testcase classname="backend.tests.test_iter2_new_endpoints.TestModuleReorder" name="test_down_last_is_noop" time="0.115" /><testcase classname="backend.tests.test_iter2_new_endpoints.TestCheckoutRegression" name="test_create_and_status_no_500" time="2.197" /><testcase classname="backend.tests.test_iter2_new_endpoints.TestFounderSeats" name="test_founder_seats_taken_is_3" time="0.134" /><testcase classname="backend.tests.test_iter2_new_endpoints.TestUploadAuthScope" name="test_student_can_upload" time="0.469" /><testcase classname="backend.tests.test_iter3_new_endpoints.TestQuizSubmit" name="test_quiz_submit_no_auth_persists" time="0.301" /><testcase classname="backend.tests.test_iter3_new_endpoints.TestQuizSubmit" name="test_quiz_submit_minimal_payload" time="0.110" /><testcase classname="backend.tests.test_iter3_new_endpoints.TestLessonViewAndDashboardProgress" name="test_view_requires_auth" time="0.157" /><testcase classname="backend.tests.test_iter3_new_endpoints.TestLessonViewAndDashboardProgress" name="test_view_requires_enrollment" time="0.252" /><testcase classname="backend.tests.test_iter3_new_endpoints.TestLessonViewAndDashboardProgress" name="test_view_marks_progress_and_is_idempotent" time="0.766" /><testcase classname="backend.tests.test_iter3_new_endpoints.TestAdminExportCSV" name="test_export_requires_admin" time="0.115" /><testcase classname="backend.tests.test_iter3_new_endpoints.TestAdminExportCSV" name="test_export_unauth_returns_401_or_403" time="0.128" /><testcase classname="backend.tests.test_iter3_new_endpoints.TestAdminExportCSV" name="test_export_admin_returns_csv" time="0.125" /><testcase classname="backend.tests.test_iter3_new_endpoints.TestRegression" name="test_contact_still_works" time="0.320" /><testcase classname="backend.tests.test_iter3_new_endpoints.TestRegression" name="test_checkout_create_returns_stripe_url" time="0.423" /><testcase classname="backend.tests.test_iter3_new_endpoints.TestRegression" name="test_courses_ia_ele_founder_seats_taken_3" time="0.128" /></testsuite></testsuites>