<?xml version="1.0" encoding="utf-8"?><testsuites name="pytest tests"><testsuite name="pytest" errors="0" failures="1" skipped="0" tests="23" time="6.134" timestamp="2026-04-20T15:09:46.483319+00:00" hostname="agent-env-0346203b-2226-411f-99c2-f18f6a803775"><testcase classname="backend.tests.backend_test.TestPublicCourse" name="test_root" time="0.297" /><testcase classname="backend.tests.backend_test.TestPublicCourse" name="test_get_course_ia_ele" time="0.154" /><testcase classname="backend.tests.backend_test.TestPublicCourse" name="test_get_course_not_found" time="0.174" /><testcase classname="backend.tests.backend_test.TestAuth" name="test_request_magic_link_ok" time="0.396" /><testcase classname="backend.tests.backend_test.TestAuth" name="test_request_magic_link_invalid_email" time="0.156" /><testcase classname="backend.tests.backend_test.TestAuth" name="test_verify_magic_link_creates_user" time="0.136" /><testcase classname="backend.tests.backend_test.TestAuth" name="test_verify_invalid_token" time="0.121" /><testcase classname="backend.tests.backend_test.TestAuth" name="test_me_with_jwt" time="0.268" /><testcase classname="backend.tests.backend_test.TestAuth" name="test_me_without_jwt" time="0.144" /><testcase classname="backend.tests.backend_test.TestAdminSeed" name="test_admin_user_seeded_as_admin" time="0.228" /><testcase classname="backend.tests.backend_test.TestDashboard" name="test_dashboard_unauth" time="0.174" /><testcase classname="backend.tests.backend_test.TestDashboard" name="test_dashboard_auth" time="0.116" /><testcase classname="backend.tests.backend_test.TestCheckout" name="test_checkout_create" time="0.655" /><testcase classname="backend.tests.backend_test.TestCheckout" name="test_checkout_status" time="0.363"><failure message="AssertionError: Internal Server Error&#10;assert 500 == 200&#10; +  where 500 = &lt;Response [500]&gt;.status_code">backend/tests/backend_test.py:135: in test_checkout_status
    assert r.status_code == 200, r.text
E   AssertionError: Internal Server Error
E   assert 500 == 200
E    +  where 500 = &lt;Response [500]&gt;.status_code</failure></testcase><testcase classname="backend.tests.backend_test.TestAdminEndpoints" name="test_overview" time="0.129" /><testcase classname="backend.tests.backend_test.TestAdminEndpoints" name="test_admin_only_protection" time="0.108" /><testcase classname="backend.tests.backend_test.TestAdminEndpoints" name="test_update_course_founder_flag" time="0.197" /><testcase classname="backend.tests.backend_test.TestAdminEndpoints" name="test_update_module_unlock" time="0.172" /><testcase classname="backend.tests.backend_test.TestCourseAccess" name="test_no_enrollment_forbidden" time="0.178" /><testcase classname="backend.tests.backend_test.TestCourseAccess" name="test_enrolled_student_can_access" time="0.327" /><testcase classname="backend.tests.backend_test.TestSubmissionsAndFeedback" name="test_submit_then_list" time="0.380" /><testcase classname="backend.tests.backend_test.TestSubmissionsAndFeedback" name="test_admin_feedback_marks_reviewed" time="0.423" /><testcase classname="backend.tests.backend_test.TestForum" name="test_create_post_and_nested_reply" time="0.743" /></testsuite></testsuites>